Build started 15.10.2015 18:43:29.
     1>Project "C:\Users\iluha_000\documents\visual studio 2010\Projects\zadanie03_02\zadanie03_02\zadanie03_02.vcxproj" on node 2 (build target(s)).
     1>InitializeBuildStatus:
         Creating "Debug\zadanie03_02.unsuccessfulbuild" because "AlwaysCreate" was specified.
       ClCompile:
         C:\Program Files (x86)\Microsoft Visual Studio 10.0\VC\bin\CL.exe /c /ZI /nologo /W3 /WX- /Od /Oy- /D WIN32 /D _DEBUG /D _CONSOLE /D _UNICODE /D UNICODE /Gm /EHsc /RTC1 /MDd /GS /fp:precise /Zc:wchar_t /Zc:forScope /Fo"Debug\\" /Fd"Debug\vc100.pdb" /Gd /TP /analyze- /errorReport:prompt zadanie03_02.cpp
         zadanie03_02.cpp
     1>c:\users\iluha_000\documents\visual studio 2010\projects\zadanie03_02\zadanie03_02\zadanie03_02.cpp(12): warning C4996: 'scanf': This function or variable may be unsafe. Consider using scanf_s instead. To disable deprecation, use _CRT_SECURE_NO_WARNINGS. See online help for details.
                 c:\program files (x86)\microsoft visual studio 10.0\vc\include\stdio.h(304) : see declaration of 'scanf'
     1>c:\users\iluha_000\documents\visual studio 2010\projects\zadanie03_02\zadanie03_02\zadanie03_02.cpp(13): warning C4996: 'scanf': This function or variable may be unsafe. Consider using scanf_s instead. To disable deprecation, use _CRT_SECURE_NO_WARNINGS. See online help for details.
                 c:\program files (x86)\microsoft visual studio 10.0\vc\include\stdio.h(304) : see declaration of 'scanf'
       ManifestResourceCompile:
         All outputs are up-to-date.
       Link:
         C:\Program Files (x86)\Microsoft Visual Studio 10.0\VC\bin\link.exe /ERRORREPORT:PROMPT /OUT:"C:\Users\iluha_000\documents\visual studio 2010\Projects\zadanie03_02\Debug\zadanie03_02.exe" /INCREMENTAL /NOLOGO kernel32.lib user32.lib gdi32.lib winspool.lib comdlg32.lib advapi32.lib shell32.lib ole32.lib oleaut32.lib uuid.lib odbc32.lib odbccp32.lib /MANIFEST /ManifestFile:"Debug\zadanie03_02.exe.intermediate.manifest" /MANIFESTUAC:"level='asInvoker' uiAccess='false'" /DEBUG /PDB:"C:\Users\iluha_000\documents\visual studio 2010\Projects\zadanie03_02\Debug\zadanie03_02.pdb" /SUBSYSTEM:CONSOLE /TLBID:1 /DYNAMICBASE /NXCOMPAT /IMPLIB:"C:\Users\iluha_000\documents\visual studio 2010\Projects\zadanie03_02\Debug\zadanie03_02.lib" /MACHINE:X86 Debug\zadanie03_02.exe.embed.manifest.res
         Debug\zadanie03_02.obj
       Manifest:
         C:\Program Files (x86)\Microsoft SDKs\Windows\v7.0A\bin\mt.exe /nologo /verbose /out:"Debug\zadanie03_02.exe.embed.manifest" /manifest Debug\zadanie03_02.exe.intermediate.manifest
         All outputs are up-to-date.
       LinkEmbedManifest:
         All outputs are up-to-date.
         zadanie03_02.vcxproj -> C:\Users\iluha_000\documents\visual studio 2010\Projects\zadanie03_02\Debug\zadanie03_02.exe
       FinalizeBuildStatus:
         Deleting file "Debug\zadanie03_02.unsuccessfulbuild".
         Touching "Debug\zadanie03_02.lastbuildstate".
     1>Done Building Project "C:\Users\iluha_000\documents\visual studio 2010\Projects\zadanie03_02\zadanie03_02\zadanie03_02.vcxproj" (build target(s)).

Build succeeded.

Time Elapsed 00:00:01.89
